<?xml version="1.0" encoding="UTF-8"?>
<!-- Generated by org.testng.reporters.JUnitReportReporter -->
<testsuite hostname="DESKTOP-0CJ158F" failures="0" tests="1" name="testCases.Add_candidate" time="26.707" errors="0" timestamp="2025-10-15T12:06:12 IST" skipped="0">
  <testcase classname="testCases.Add_candidate" name="addCandidate_test" time="26.707"/>
</testsuite> <!-- testCases.Add_candidate -->
