<?xml version="1.0" encoding="UTF-8"?>
<!-- Generated by org.testng.reporters.JUnitReportReporter -->
<testsuite hostname="DESKTOP-0CJ158F" failures="0" tests="1" name="testCases.createVacancy_TC" time="17.838" errors="0" timestamp="2025-10-14T14:53:54 IST" skipped="0">
  <testcase classname="testCases.createVacancy_TC" name="addVacancy_test" time="17.838"/>
</testsuite> <!-- testCases.createVacancy_TC -->
